This file contains any messages produced by compilers while
running configure, to aid debugging if configure makes a mistake.

It was created by configure, which was
generated by GNU Autoconf 2.65.  Invocation command line was

  $ ./configure --disable-option-checking --prefix=/usr/local --cache-file=/dev/null --srcdir=.

## --------- ##
## Platform. ##
## --------- ##

hostname = Mac.local
uname -m = x86_64
uname -r = 17.5.0
uname -s = Darwin
uname -v = Darwin Kernel Version 17.5.0: Fri Apr 13 19:32:32 PDT 2018; root:xnu-4570.51.2~1/RELEASE_X86_64

/usr/bin/uname -p = i386
/bin/uname -X     = unknown

/bin/arch              = unknown
/usr/bin/arch -k       = unknown
/usr/convex/getsysinfo = unknown
/usr/bin/hostinfo      = Mach kernel version:
	 Darwin Kernel Version 17.5.0: Fri Apr 13 19:32:32 PDT 2018; root:xnu-4570.51.2~1/RELEASE_X86_64
Kernel configured for up to 8 processors.
4 processors are physically available.
8 processors are logically available.
Processor type: x86_64h (Intel x86-64h Haswell)
Processors active: 0 1 2 3 4 5 6 7
Primary memory available: 16.00 gigabytes
Default processor set: 333 tasks, 1586 threads, 8 processors
Load average: 2.14, Mach factor: 5.85
/bin/machine           = unknown
/usr/bin/oslevel       = unknown
/bin/universe          = unknown

PATH: /Library/Frameworks/Python.framework/Versions/3.6/bin
PATH: /Users/paullaguna/Documents/SeleniumC#Dependents/chromedriver
PATH: /usr/local/bin
PATH: /Users/paullaguna/Library/Android/sdk/tools
PATH: /Users/paullaguna/Library/Android/sdk/build-tools
PATH: /Users/paullaguna/Library/Android/sdk/platform-tools
PATH: /Library/Java/JavaVirtualMachines/jdk1.8.0_171.jdk/Contents/Home/bin=/usr/local/bin
PATH: /usr/bin
PATH: /bin
PATH: /usr/sbin
PATH: /sbin
PATH: /usr/local/share/dotnet
PATH: /opt/X11/bin
PATH: ~/.dotnet/tools
PATH: /Library/Frameworks/Mono.framework/Versions/Current/Commands
PATH: /Applications/Xamarin Workbooks.app/Contents/SharedSupport/path-bin


## ----------- ##
## Core tests. ##
## ----------- ##

configure:2606: checking for a BSD-compatible install
configure:2674: result: /usr/bin/install -c
configure:2685: checking whether build environment is sane
configure:2735: result: yes
configure:2876: checking for a thread-safe mkdir -p
configure:2915: result: ./install-sh -c -d
configure:2928: checking for gawk
configure:2958: result: no
configure:2928: checking for mawk
configure:2958: result: no
configure:2928: checking for nawk
configure:2958: result: no
configure:2928: checking for awk
configure:2944: found /usr/bin/awk
configure:2955: result: awk
configure:2966: checking whether make sets $(MAKE)
configure:2988: result: yes
configure:3114: checking build system type
configure:3128: result: i686-apple-darwin17.5.0
configure:3148: checking host system type
configure:3161: result: i686-apple-darwin17.5.0
configure:3193: checking for style of include used by make
configure:3221: result: GNU
configure:3291: checking for gcc
configure:3307: found /usr/bin/gcc
configure:3318: result: gcc
configure:3547: checking for C compiler version
configure:3556: gcc --version >&5
Apple LLVM version 9.1.0 (clang-902.0.39.2)
Target: x86_64-apple-darwin17.5.0
Thread model: posix
InstalledDir: /Applications/Xcode.app/Contents/Developer/Toolchains/XcodeDefault.xctoolchain/usr/bin
Configured with: --prefix=/Applications/Xcode.app/Contents/Developer/usr --with-gxx-include-dir=/usr/include/c++/4.2.1
configure:3567: $? = 0
configure:3556: gcc -v >&5
Configured with: --prefix=/Applications/Xcode.app/Contents/Developer/usr --with-gxx-include-dir=/usr/include/c++/4.2.1
Apple LLVM version 9.1.0 (clang-902.0.39.2)
Target: x86_64-apple-darwin17.5.0
Thread model: posix
InstalledDir: /Applications/Xcode.app/Contents/Developer/Toolchains/XcodeDefault.xctoolchain/usr/bin
configure:3567: $? = 0
configure:3556: gcc -V >&5
clang: error: argument to '-V' is missing (expected 1 value)
clang: error: no input files
configure:3567: $? = 1
configure:3556: gcc -qversion >&5
clang: error: unknown argument: '-qversion'
clang: error: no input files
configure:3567: $? = 1
configure:3587: checking whether the C compiler works
configure:3609: gcc    conftest.c  >&5
configure:3613: $? = 0
configure:3662: result: yes
configure:3665: checking for C compiler default output file name
configure:3667: result: a.out
configure:3673: checking for suffix of executables
configure:3680: gcc -o conftest    conftest.c  >&5
configure:3684: $? = 0
configure:3706: result: 
configure:3728: checking whether we are cross compiling
configure:3736: gcc -o conftest    conftest.c  >&5
configure:3740: $? = 0
configure:3747: ./conftest
configure:3751: $? = 0
configure:3766: result: no
configure:3771: checking for suffix of object files
configure:3793: gcc -c   conftest.c >&5
configure:3797: $? = 0
configure:3818: result: o
configure:3822: checking whether we are using the GNU C compiler
configure:3841: gcc -c   conftest.c >&5
configure:3841: $? = 0
configure:3850: result: yes
configure:3859: checking whether gcc accepts -g
configure:3879: gcc -c -g  conftest.c >&5
configure:3879: $? = 0
configure:3920: result: yes
configure:3937: checking for gcc option to accept ISO C89
configure:4001: gcc  -c -g -O2  conftest.c >&5
configure:4001: $? = 0
configure:4014: result: none needed
configure:4036: checking dependency style of gcc
configure:4146: result: gcc3
configure:4161: checking for a sed that does not truncate output
configure:4225: result: /usr/bin/sed
configure:4243: checking for grep that handles long lines and -e
configure:4301: result: /usr/bin/grep
configure:4306: checking for egrep
configure:4368: result: /usr/bin/grep -E
configure:4373: checking for fgrep
configure:4435: result: /usr/bin/grep -F
configure:4470: checking for ld used by gcc
configure:4537: result: /Applications/Xcode.app/Contents/Developer/Toolchains/XcodeDefault.xctoolchain/usr/bin/ld
configure:4544: checking if the linker (/Applications/Xcode.app/Contents/Developer/Toolchains/XcodeDefault.xctoolchain/usr/bin/ld) is GNU ld
configure:4559: result: no
configure:4571: checking for BSD- or MS-compatible name lister (nm)
configure:4620: result: /usr/bin/nm -B
configure:4738: checking the name lister (/usr/bin/nm -B) interface
configure:4745: gcc -c -g -O2  conftest.c >&5
configure:4748: /usr/bin/nm -B "conftest.o"
configure:4751: output
00000000000001fc S _some_variable
configure:4758: result: BSD nm
configure:4761: checking whether ln -s works
configure:4765: result: yes
configure:4773: checking the maximum length of command line arguments
configure:4893: result: 196608
configure:4910: checking whether the shell understands some XSI constructs
configure:4920: result: yes
configure:4924: checking whether the shell understands "+="
configure:4930: result: yes
configure:4965: checking for /Applications/Xcode.app/Contents/Developer/Toolchains/XcodeDefault.xctoolchain/usr/bin/ld option to reload object files
configure:4972: result: -r
configure:5041: checking for objdump
configure:5057: found /usr/bin/objdump
configure:5068: result: objdump
configure:5100: checking how to recognize dependent libraries
configure:5296: result: pass_all
configure:5356: checking for ar
configure:5372: found /usr/bin/ar
configure:5383: result: ar
configure:5461: checking for strip
configure:5477: found /usr/bin/strip
configure:5488: result: strip
configure:5560: checking for ranlib
configure:5576: found /usr/bin/ranlib
configure:5587: result: ranlib
configure:5677: checking command to parse /usr/bin/nm -B output from gcc object
configure:5795: gcc -c -g -O2  conftest.c >&5
configure:5798: $? = 0
configure:5802: /usr/bin/nm -B conftest.o \| sed -n -e 's/^.*[	 ]\([BCDEGRST][BCDEGRST]*\)[	 ][	 ]*\([_A-Za-z][_A-Za-z0-9]*\)$/\1 \2 \2/p' \> conftest.nm
configure:5805: $? = 0
cannot find nm_test_var in conftest.nm
configure:5795: gcc -c -g -O2  conftest.c >&5
configure:5798: $? = 0
configure:5802: /usr/bin/nm -B conftest.o \| sed -n -e 's/^.*[	 ]\([BCDEGRST][BCDEGRST]*\)[	 ][	 ]*_\([_A-Za-z][_A-Za-z0-9]*\)$/\1 _\2 \2/p' \> conftest.nm
configure:5805: $? = 0
configure:5859: gcc -o conftest -g -O2   conftest.c conftstm.o >&5
warning: (x86_64)  could not find object file symbol for symbol _main
configure:5862: $? = 0
configure:5900: result: ok
configure:6165: checking for dsymutil
configure:6181: found /usr/bin/dsymutil
configure:6192: result: dsymutil
configure:6257: checking for nmedit
configure:6273: found /usr/bin/nmedit
configure:6284: result: nmedit
configure:6349: checking for lipo
configure:6365: found /usr/bin/lipo
configure:6376: result: lipo
configure:6441: checking for otool
configure:6457: found /usr/bin/otool
configure:6468: result: otool
configure:6533: checking for otool64
configure:6563: result: no
configure:6608: checking for -single_module linker flag
gcc -g -O2  -o libconftest.dylib -dynamiclib -Wl,-single_module conftest.c
configure:6635: result: yes
configure:6637: checking for -exported_symbols_list linker flag
configure:6657: gcc -o conftest -g -O2   -Wl,-exported_symbols_list,conftest.sym conftest.c  >&5
configure:6657: $? = 0
configure:6667: result: yes
configure:6709: checking how to run the C preprocessor
configure:6740: gcc -E  conftest.c
configure:6740: $? = 0
configure:6754: gcc -E  conftest.c
conftest.c:14:10: fatal error: 'ac_nonexistent.h' file not found
#include <ac_nonexistent.h>
         ^~~~~~~~~~~~~~~~~~
1 error generated.
configure:6754: $? = 1
configure: failed program was:
| /* confdefs.h */
| #define PACKAGE_NAME ""
| #define PACKAGE_TARNAME ""
| #define PACKAGE_VERSION ""
| #define PACKAGE_STRING ""
| #define PACKAGE_BUGREPORT ""
| #define PACKAGE_URL ""
| #define GLIB_MAJOR_VERSION 1
| #define GLIB_MINOR_VERSION 2
| #define GLIB_MICRO_VERSION 10
| #define GLIB_INTERFACE_AGE 10
| #define GLIB_BINARY_AGE 10
| /* end confdefs.h.  */
| #include <ac_nonexistent.h>
configure:6779: result: gcc -E
configure:6799: gcc -E  conftest.c
configure:6799: $? = 0
configure:6813: gcc -E  conftest.c
conftest.c:14:10: fatal error: 'ac_nonexistent.h' file not found
#include <ac_nonexistent.h>
         ^~~~~~~~~~~~~~~~~~
1 error generated.
configure:6813: $? = 1
configure: failed program was:
| /* confdefs.h */
| #define PACKAGE_NAME ""
| #define PACKAGE_TARNAME ""
| #define PACKAGE_VERSION ""
| #define PACKAGE_STRING ""
| #define PACKAGE_BUGREPORT ""
| #define PACKAGE_URL ""
| #define GLIB_MAJOR_VERSION 1
| #define GLIB_MINOR_VERSION 2
| #define GLIB_MICRO_VERSION 10
| #define GLIB_INTERFACE_AGE 10
| #define GLIB_BINARY_AGE 10
| /* end confdefs.h.  */
| #include <ac_nonexistent.h>
configure:6842: checking for ANSI C header files
configure:6862: gcc -c -g -O2  conftest.c >&5
configure:6862: $? = 0
configure:6935: gcc -o conftest -g -O2   conftest.c  >&5
configure:6935: $? = 0
configure:6935: ./conftest
configure:6935: $? = 0
configure:6946: result: yes
configure:6959: checking for sys/types.h
configure:6959: gcc -c -g -O2  conftest.c >&5
configure:6959: $? = 0
configure:6959: result: yes
configure:6959: checking for sys/stat.h
configure:6959: gcc -c -g -O2  conftest.c >&5
configure:6959: $? = 0
configure:6959: result: yes
configure:6959: checking for stdlib.h
configure:6959: gcc -c -g -O2  conftest.c >&5
configure:6959: $? = 0
configure:6959: result: yes
configure:6959: checking for string.h
configure:6959: gcc -c -g -O2  conftest.c >&5
configure:6959: $? = 0
configure:6959: result: yes
configure:6959: checking for memory.h
configure:6959: gcc -c -g -O2  conftest.c >&5
configure:6959: $? = 0
configure:6959: result: yes
configure:6959: checking for strings.h
configure:6959: gcc -c -g -O2  conftest.c >&5
configure:6959: $? = 0
configure:6959: result: yes
configure:6959: checking for inttypes.h
configure:6959: gcc -c -g -O2  conftest.c >&5
configure:6959: $? = 0
configure:6959: result: yes
configure:6959: checking for stdint.h
configure:6959: gcc -c -g -O2  conftest.c >&5
configure:6959: $? = 0
configure:6959: result: yes
configure:6959: checking for unistd.h
configure:6959: gcc -c -g -O2  conftest.c >&5
configure:6959: $? = 0
configure:6959: result: yes
configure:6974: checking for dlfcn.h
configure:6974: gcc -c -g -O2  conftest.c >&5
configure:6974: $? = 0
configure:6974: result: yes
configure:7158: checking for objdir
configure:7173: result: .libs
configure:7465: checking if gcc supports -fno-rtti -fno-exceptions
configure:7483: gcc -c -g -O2  -fno-rtti -fno-exceptions conftest.c >&5
configure:7487: $? = 0
configure:7500: result: yes
configure:7520: checking for gcc option to produce PIC
configure:7792: result: -fno-common -DPIC
configure:7804: checking if gcc PIC flag -fno-common -DPIC works
configure:7822: gcc -c -g -O2  -fno-common -DPIC -DPIC conftest.c >&5
configure:7826: $? = 0
configure:7839: result: yes
configure:7863: checking if gcc static flag -static works
configure:7891: result: no
configure:7906: checking if gcc supports -c -o file.o
configure:7927: gcc -c -g -O2  -o out/conftest2.o conftest.c >&5
configure:7931: $? = 0
configure:7953: result: yes
configure:7961: checking if gcc supports -c -o file.o
configure:8008: result: yes
configure:8041: checking whether the gcc linker (/Applications/Xcode.app/Contents/Developer/Toolchains/XcodeDefault.xctoolchain/usr/bin/ld) supports shared libraries
configure:9032: result: yes
configure:9271: checking dynamic linker characteristics
configure:9934: result: darwin17.5.0 dyld
configure:10036: checking how to hardcode library paths into programs
configure:10061: result: immediate
configure:10581: checking whether stripping libraries is possible
configure:10595: result: yes
configure:10621: checking if libtool supports shared libraries
configure:10623: result: yes
configure:10626: checking whether to build shared libraries
configure:10647: result: yes
configure:10650: checking whether to build static libraries
configure:10654: result: yes
configure:10691: checking whether to enable maintainer-specific portions of Makefiles
configure:10700: result: no
configure:10759: checking whether to enable memory checking
configure:10769: result: no
configure:10773: checking whether to enable memory profiling
configure:10783: result: no
configure:10879: checking for gcc
configure:10906: result: gcc
configure:11135: checking for C compiler version
configure:11144: gcc --version >&5
Apple LLVM version 9.1.0 (clang-902.0.39.2)
Target: x86_64-apple-darwin17.5.0
Thread model: posix
InstalledDir: /Applications/Xcode.app/Contents/Developer/Toolchains/XcodeDefault.xctoolchain/usr/bin
Configured with: --prefix=/Applications/Xcode.app/Contents/Developer/usr --with-gxx-include-dir=/usr/include/c++/4.2.1
configure:11155: $? = 0
configure:11144: gcc -v >&5
Configured with: --prefix=/Applications/Xcode.app/Contents/Developer/usr --with-gxx-include-dir=/usr/include/c++/4.2.1
Apple LLVM version 9.1.0 (clang-902.0.39.2)
Target: x86_64-apple-darwin17.5.0
Thread model: posix
InstalledDir: /Applications/Xcode.app/Contents/Developer/Toolchains/XcodeDefault.xctoolchain/usr/bin
configure:11155: $? = 0
configure:11144: gcc -V >&5
clang: error: argument to '-V' is missing (expected 1 value)
clang: error: no input files
configure:11155: $? = 1
configure:11144: gcc -qversion >&5
clang: error: unknown argument: '-qversion'
clang: error: no input files
configure:11155: $? = 1
configure:11159: checking whether we are using the GNU C compiler
configure:11187: result: yes
configure:11196: checking whether gcc accepts -g
configure:11257: result: yes
configure:11274: checking for gcc option to accept ISO C89
configure:11351: result: none needed
configure:11373: checking dependency style of gcc
configure:11483: result: gcc3
configure:11546: checking for gcc
configure:11573: result: gcc
configure:11802: checking for C compiler version
configure:11811: gcc --version >&5
Apple LLVM version 9.1.0 (clang-902.0.39.2)
Target: x86_64-apple-darwin17.5.0
Thread model: posix
InstalledDir: /Applications/Xcode.app/Contents/Developer/Toolchains/XcodeDefault.xctoolchain/usr/bin
Configured with: --prefix=/Applications/Xcode.app/Contents/Developer/usr --with-gxx-include-dir=/usr/include/c++/4.2.1
configure:11822: $? = 0
configure:11811: gcc -v >&5
Configured with: --prefix=/Applications/Xcode.app/Contents/Developer/usr --with-gxx-include-dir=/usr/include/c++/4.2.1
Apple LLVM version 9.1.0 (clang-902.0.39.2)
Target: x86_64-apple-darwin17.5.0
Thread model: posix
InstalledDir: /Applications/Xcode.app/Contents/Developer/Toolchains/XcodeDefault.xctoolchain/usr/bin
configure:11822: $? = 0
configure:11811: gcc -V >&5
clang: error: argument to '-V' is missing (expected 1 value)
clang: error: no input files
configure:11822: $? = 1
configure:11811: gcc -qversion >&5
clang: error: unknown argument: '-qversion'
clang: error: no input files
configure:11822: $? = 1
configure:11826: checking whether we are using the GNU C compiler
configure:11854: result: yes
configure:11863: checking whether gcc accepts -g
configure:11924: result: yes
configure:11941: checking for gcc option to accept ISO C89
configure:12018: result: none needed
configure:12040: checking dependency style of gcc
configure:12150: result: gcc3
configure:12189: checking for extra flags to get ANSI library prototypes
configure:12204: gcc -o conftest -g -O2 -Wall   conftest.c  -lm >&5
configure:12204: $? = 0
configure:12204: ./conftest
configure:12204: $? = 0
configure:12205: result: none needed
configure:12244: checking for extra flags for POSIX compliance
configure:12257: gcc -c -g -O2 -Wall  conftest.c >&5
conftest.c:31:6: warning: unused variable 'dir' [-Wunused-variable]
DIR *dir;
     ^
1 warning generated.
configure:12257: $? = 0
configure:12258: result: none needed
configure:12289: checking for ANSI C header files
configure:12393: result: yes
configure:12405: checking for vprintf
configure:12405: gcc -o conftest -g -O2 -Wall   conftest.c  >&5
conftest.c:51:6: warning: incompatible redeclaration of library function 'vprintf' [-Wincompatible-library-redeclaration]
char vprintf ();
     ^
conftest.c:51:6: note: 'vprintf' is a builtin with type 'int (const char *, struct __va_list_tag *)'
1 warning generated.
configure:12405: $? = 0
configure:12405: result: yes
configure:12411: checking for _doprnt
configure:12411: gcc -o conftest -g -O2 -Wall   conftest.c  >&5
Undefined symbols for architecture x86_64:
  "__doprnt", referenced from:
      _main in conftest-4c03bf.o
ld: symbol(s) not found for architecture x86_64
clang: error: linker command failed with exit code 1 (use -v to see invocation)
configure:12411: $? = 1
configure: failed program was:
| /* confdefs.h */
| #define PACKAGE_NAME ""
| #define PACKAGE_TARNAME ""
| #define PACKAGE_VERSION ""
| #define PACKAGE_STRING ""
| #define PACKAGE_BUGREPORT ""
| #define PACKAGE_URL ""
| #define GLIB_MAJOR_VERSION 1
| #define GLIB_MINOR_VERSION 2
| #define GLIB_MICRO_VERSION 10
| #define GLIB_INTERFACE_AGE 10
| #define GLIB_BINARY_AGE 10
| #define STDC_HEADERS 1
| #define HAVE_SYS_TYPES_H 1
| #define HAVE_SYS_STAT_H 1
| #define HAVE_STDLIB_H 1
| #define HAVE_STRING_H 1
| #define HAVE_MEMORY_H 1
| #define HAVE_STRINGS_H 1
| #define HAVE_INTTYPES_H 1
| #define HAVE_STDINT_H 1
| #define HAVE_UNISTD_H 1
| #define HAVE_DLFCN_H 1
| #define LT_OBJDIR ".libs/"
| #define G_COMPILED_WITH_DEBUGGING "minimum"
| #define STDC_HEADERS 1
| #define HAVE_VPRINTF 1
| /* end confdefs.h.  */
| /* Define _doprnt to an innocuous variant, in case <limits.h> declares _doprnt.
|    For example, HP-UX 11i <limits.h> declares gettimeofday.  */
| #define _doprnt innocuous__doprnt
| 
| /* System header to define __stub macros and hopefully few prototypes,
|     which can conflict with char _doprnt (); below.
|     Prefer <limits.h> to <assert.h> if __STDC__ is defined, since
|     <limits.h> exists even on freestanding compilers.  */
| 
| #ifdef __STDC__
| # include <limits.h>
| #else
| # include <assert.h>
| #endif
| 
| #undef _doprnt
| 
| /* Override any GCC internal prototype to avoid an error.
|    Use char because int might match the return type of a GCC
|    builtin and then its argument prototype would still apply.  */
| #ifdef __cplusplus
| extern "C"
| #endif
| char _doprnt ();
| /* The GNU C library defines this for functions which it implements
|     to always fail with ENOSYS.  Some functions are actually named
|     something starting with __ and the normal name is an alias.  */
| #if defined __stub__doprnt || defined __stub____doprnt
| choke me
| #endif
| 
| int
| main ()
| {
| return _doprnt ();
|   ;
|   return 0;
| }
configure:12411: result: no
configure:12426: checking for atexit
configure:12426: gcc -o conftest -g -O2 -Wall   conftest.c  >&5
configure:12426: $? = 0
configure:12426: result: yes
configure:12426: checking for on_exit
configure:12426: gcc -o conftest -g -O2 -Wall   conftest.c  >&5
Undefined symbols for architecture x86_64:
  "_on_exit", referenced from:
      _main in conftest-fae9df.o
ld: symbol(s) not found for architecture x86_64
clang: error: linker command failed with exit code 1 (use -v to see invocation)
configure:12426: $? = 1
configure: failed program was:
| /* confdefs.h */
| #define PACKAGE_NAME ""
| #define PACKAGE_TARNAME ""
| #define PACKAGE_VERSION ""
| #define PACKAGE_STRING ""
| #define PACKAGE_BUGREPORT ""
| #define PACKAGE_URL ""
| #define GLIB_MAJOR_VERSION 1
| #define GLIB_MINOR_VERSION 2
| #define GLIB_MICRO_VERSION 10
| #define GLIB_INTERFACE_AGE 10
| #define GLIB_BINARY_AGE 10
| #define STDC_HEADERS 1
| #define HAVE_SYS_TYPES_H 1
| #define HAVE_SYS_STAT_H 1
| #define HAVE_STDLIB_H 1
| #define HAVE_STRING_H 1
| #define HAVE_MEMORY_H 1
| #define HAVE_STRINGS_H 1
| #define HAVE_INTTYPES_H 1
| #define HAVE_STDINT_H 1
| #define HAVE_UNISTD_H 1
| #define HAVE_DLFCN_H 1
| #define LT_OBJDIR ".libs/"
| #define G_COMPILED_WITH_DEBUGGING "minimum"
| #define STDC_HEADERS 1
| #define HAVE_VPRINTF 1
| #define HAVE_ATEXIT 1
| /* end confdefs.h.  */
| /* Define on_exit to an innocuous variant, in case <limits.h> declares on_exit.
|    For example, HP-UX 11i <limits.h> declares gettimeofday.  */
| #define on_exit innocuous_on_exit
| 
| /* System header to define __stub macros and hopefully few prototypes,
|     which can conflict with char on_exit (); below.
|     Prefer <limits.h> to <assert.h> if __STDC__ is defined, since
|     <limits.h> exists even on freestanding compilers.  */
| 
| #ifdef __STDC__
| # include <limits.h>
| #else
| # include <assert.h>
| #endif
| 
| #undef on_exit
| 
| /* Override any GCC internal prototype to avoid an error.
|    Use char because int might match the return type of a GCC
|    builtin and then its argument prototype would still apply.  */
| #ifdef __cplusplus
| extern "C"
| #endif
| char on_exit ();
| /* The GNU C library defines this for functions which it implements
|     to always fail with ENOSYS.  Some functions are actually named
|     something starting with __ and the normal name is an alias.  */
| #if defined __stub_on_exit || defined __stub___on_exit
| choke me
| #endif
| 
| int
| main ()
| {
| return on_exit ();
|   ;
|   return 0;
| }
configure:12426: result: no
configure:12441: checking size of char
configure:12446: gcc -o conftest -g -O2 -Wall   conftest.c  >&5
configure:12446: $? = 0
configure:12446: ./conftest
configure:12446: $? = 0
configure:12461: result: 1
configure:12475: checking size of short
configure:12480: gcc -o conftest -g -O2 -Wall   conftest.c  >&5
configure:12480: $? = 0
configure:12480: ./conftest
configure:12480: $? = 0
configure:12495: result: 2
configure:12509: checking size of long
configure:12514: gcc -o conftest -g -O2 -Wall   conftest.c  >&5
configure:12514: $? = 0
configure:12514: ./conftest
configure:12514: $? = 0
configure:12529: result: 8
configure:12543: checking size of int
configure:12548: gcc -o conftest -g -O2 -Wall   conftest.c  >&5
configure:12548: $? = 0
configure:12548: ./conftest
configure:12548: $? = 0
configure:12563: result: 4
configure:12577: checking size of void *
configure:12582: gcc -o conftest -g -O2 -Wall   conftest.c  >&5
configure:12582: $? = 0
configure:12582: ./conftest
configure:12582: $? = 0
configure:12597: result: 8
configure:12611: checking size of long long
configure:12616: gcc -o conftest -g -O2 -Wall   conftest.c  >&5
configure:12616: $? = 0
configure:12616: ./conftest
configure:12616: $? = 0
configure:12631: result: 8
configure:12642: checking for an ANSI C-conforming const
configure:12707: gcc -c -g -O2 -Wall  conftest.c >&5
conftest.c:81:18: warning: variable 'b' is uninitialized when used here [-Wuninitialized]
    struct s *b; b->j = 5;
                 ^
conftest.c:81:16: note: initialize the variable 'b' to silence this warning
    struct s *b; b->j = 5;
               ^
                = 0
conftest.c:65:6: warning: variable 't' is uninitialized when used here [-Wuninitialized]
    *t++ = 0;
     ^
conftest.c:62:12: note: initialize the variable 't' to silence this warning
    char *t;
           ^
            = 0
2 warnings generated.
configure:12707: $? = 0
configure:12714: result: yes
configure:12723: checking for __inline
configure:12742: gcc -o conftest -g -O2 -Wall   conftest.c  >&5
configure:12742: $? = 0
configure:12742: ./conftest
configure:12742: $? = 0
configure:12756: result: yes
configure:12762: checking for __inline__
configure:12781: gcc -o conftest -g -O2 -Wall   conftest.c  >&5
configure:12781: $? = 0
configure:12781: ./conftest
configure:12781: $? = 0
configure:12795: result: yes
configure:12801: checking for inline
configure:12820: gcc -o conftest -g -O2 -Wall   conftest.c  >&5
configure:12820: $? = 0
configure:12820: ./conftest
configure:12820: $? = 0
configure:12834: result: yes
configure:12841: checking whether byte ordering is bigendian
configure:12856: gcc -c -g -O2 -Wall  conftest.c >&5
configure:12856: $? = 0
configure:12901: gcc -c -g -O2 -Wall  conftest.c >&5
configure:12901: $? = 0
configure:12919: gcc -c -g -O2 -Wall  conftest.c >&5
conftest.c:46:4: error: use of undeclared identifier 'not'
                 not big endian
                 ^
1 error generated.
configure:12919: $? = 1
configure: failed program was:
| /* confdefs.h */
| #define PACKAGE_NAME ""
| #define PACKAGE_TARNAME ""
| #define PACKAGE_VERSION ""
| #define PACKAGE_STRING ""
| #define PACKAGE_BUGREPORT ""
| #define PACKAGE_URL ""
| #define GLIB_MAJOR_VERSION 1
| #define GLIB_MINOR_VERSION 2
| #define GLIB_MICRO_VERSION 10
| #define GLIB_INTERFACE_AGE 10
| #define GLIB_BINARY_AGE 10
| #define STDC_HEADERS 1
| #define HAVE_SYS_TYPES_H 1
| #define HAVE_SYS_STAT_H 1
| #define HAVE_STDLIB_H 1
| #define HAVE_STRING_H 1
| #define HAVE_MEMORY_H 1
| #define HAVE_STRINGS_H 1
| #define HAVE_INTTYPES_H 1
| #define HAVE_STDINT_H 1
| #define HAVE_UNISTD_H 1
| #define HAVE_DLFCN_H 1
| #define LT_OBJDIR ".libs/"
| #define G_COMPILED_WITH_DEBUGGING "minimum"
| #define STDC_HEADERS 1
| #define HAVE_VPRINTF 1
| #define HAVE_ATEXIT 1
| #define SIZEOF_CHAR 1
| #define SIZEOF_SHORT 2
| #define SIZEOF_LONG 8
| #define SIZEOF_INT 4
| #define SIZEOF_VOID_P 8
| #define SIZEOF_LONG_LONG 8
| #define G_HAVE___INLINE 1
| #define G_HAVE___INLINE__ 1
| #define G_HAVE_INLINE 1
| /* end confdefs.h.  */
| #include <sys/types.h>
| 		#include <sys/param.h>
| 
| int
| main ()
| {
| #if BYTE_ORDER != BIG_ENDIAN
| 		 not big endian
| 		#endif
| 
|   ;
|   return 0;
| }
configure:13047: result: no
configure:13068: checking float.h usability
configure:13068: gcc -c -g -O2 -Wall  conftest.c >&5
configure:13068: $? = 0
configure:13068: result: yes
configure:13068: checking float.h presence
configure:13068: gcc -E  conftest.c
configure:13068: $? = 0
configure:13068: result: yes
configure:13068: checking for float.h
configure:13068: result: yes
configure:13081: checking limits.h usability
configure:13081: gcc -c -g -O2 -Wall  conftest.c >&5
configure:13081: $? = 0
configure:13081: result: yes
configure:13081: checking limits.h presence
configure:13081: gcc -E  conftest.c
configure:13081: $? = 0
configure:13081: result: yes
configure:13081: checking for limits.h
configure:13081: result: yes
configure:13094: checking pwd.h usability
configure:13094: gcc -c -g -O2 -Wall  conftest.c >&5
configure:13094: $? = 0
configure:13094: result: yes
configure:13094: checking pwd.h presence
configure:13094: gcc -E  conftest.c
configure:13094: $? = 0
configure:13094: result: yes
configure:13094: checking for pwd.h
configure:13094: result: yes
configure:13107: checking sys/param.h usability
configure:13107: gcc -c -g -O2 -Wall  conftest.c >&5
configure:13107: $? = 0
configure:13107: result: yes
configure:13107: checking sys/param.h presence
configure:13107: gcc -E  conftest.c
configure:13107: $? = 0
configure:13107: result: yes
configure:13107: checking for sys/param.h
configure:13107: result: yes
configure:13120: checking sys/poll.h usability
configure:13120: gcc -c -g -O2 -Wall  conftest.c >&5
configure:13120: $? = 0
configure:13120: result: yes
configure:13120: checking sys/poll.h presence
configure:13120: gcc -E  conftest.c
configure:13120: $? = 0
configure:13120: result: yes
configure:13120: checking for sys/poll.h
configure:13120: result: yes
configure:13133: checking sys/select.h usability
configure:13133: gcc -c -g -O2 -Wall  conftest.c >&5
configure:13133: $? = 0
configure:13133: result: yes
configure:13133: checking sys/select.h presence
configure:13133: gcc -E  conftest.c
configure:13133: $? = 0
configure:13133: result: yes
configure:13133: checking for sys/select.h
configure:13133: result: yes
configure:13146: checking sys/time.h usability
configure:13146: gcc -c -g -O2 -Wall  conftest.c >&5
configure:13146: $? = 0
configure:13146: result: yes
configure:13146: checking sys/time.h presence
configure:13146: gcc -E  conftest.c
configure:13146: $? = 0
configure:13146: result: yes
configure:13146: checking for sys/time.h
configure:13146: result: yes
configure:13159: checking sys/times.h usability
configure:13159: gcc -c -g -O2 -Wall  conftest.c >&5
configure:13159: $? = 0
configure:13159: result: yes
configure:13159: checking sys/times.h presence
configure:13159: gcc -E  conftest.c
configure:13159: $? = 0
configure:13159: result: yes
configure:13159: checking for sys/times.h
configure:13159: result: yes
configure:13172: checking for unistd.h
configure:13172: result: yes
configure:13185: checking values.h usability
configure:13185: gcc -c -g -O2 -Wall  conftest.c >&5
conftest.c:90:10: fatal error: 'values.h' file not found
#include <values.h>
         ^~~~~~~~~~
1 error generated.
configure:13185: $? = 1
configure: failed program was:
| /* confdefs.h */
| #define PACKAGE_NAME ""
| #define PACKAGE_TARNAME ""
| #define PACKAGE_VERSION ""
| #define PACKAGE_STRING ""
| #define PACKAGE_BUGREPORT ""
| #define PACKAGE_URL ""
| #define GLIB_MAJOR_VERSION 1
| #define GLIB_MINOR_VERSION 2
| #define GLIB_MICRO_VERSION 10
| #define GLIB_INTERFACE_AGE 10
| #define GLIB_BINARY_AGE 10
| #define STDC_HEADERS 1
| #define HAVE_SYS_TYPES_H 1
| #define HAVE_SYS_STAT_H 1
| #define HAVE_STDLIB_H 1
| #define HAVE_STRING_H 1
| #define HAVE_MEMORY_H 1
| #define HAVE_STRINGS_H 1
| #define HAVE_INTTYPES_H 1
| #define HAVE_STDINT_H 1
| #define HAVE_UNISTD_H 1
| #define HAVE_DLFCN_H 1
| #define LT_OBJDIR ".libs/"
| #define G_COMPILED_WITH_DEBUGGING "minimum"
| #define STDC_HEADERS 1
| #define HAVE_VPRINTF 1
| #define HAVE_ATEXIT 1
| #define SIZEOF_CHAR 1
| #define SIZEOF_SHORT 2
| #define SIZEOF_LONG 8
| #define SIZEOF_INT 4
| #define SIZEOF_VOID_P 8
| #define SIZEOF_LONG_LONG 8
| #define G_HAVE___INLINE 1
| #define G_HAVE___INLINE__ 1
| #define G_HAVE_INLINE 1
| #define HAVE_FLOAT_H 1
| #define HAVE_FLOAT_H 1
| #define HAVE_LIMITS_H 1
| #define HAVE_LIMITS_H 1
| #define HAVE_PWD_H 1
| #define HAVE_PWD_H 1
| #define HAVE_SYS_PARAM_H 1
| #define HAVE_SYS_PARAM_H 1
| #define HAVE_SYS_POLL_H 1
| #define HAVE_SYS_POLL_H 1
| #define HAVE_SYS_SELECT_H 1
| #define HAVE_SYS_SELECT_H 1
| #define HAVE_SYS_TIME_H 1
| #define HAVE_SYS_TIME_H 1
| #define HAVE_SYS_TIMES_H 1
| #define HAVE_SYS_TIMES_H 1
| #define HAVE_UNISTD_H 1
| #define HAVE_UNISTD_H 1
| /* end confdefs.h.  */
| #include <stdio.h>
| #ifdef HAVE_SYS_TYPES_H
| # include <sys/types.h>
| #endif
| #ifdef HAVE_SYS_STAT_H
| # include <sys/stat.h>
| #endif
| #ifdef STDC_HEADERS
| # include <stdlib.h>
| # include <stddef.h>
| #else
| # ifdef HAVE_STDLIB_H
| #  include <stdlib.h>
| # endif
| #endif
| #ifdef HAVE_STRING_H
| # if !defined STDC_HEADERS && defined HAVE_MEMORY_H
| #  include <memory.h>
| # endif
| # include <string.h>
| #endif
| #ifdef HAVE_STRINGS_H
| # include <strings.h>
| #endif
| #ifdef HAVE_INTTYPES_H
| # include <inttypes.h>
| #endif
| #ifdef HAVE_STDINT_H
| # include <stdint.h>
| #endif
| #ifdef HAVE_UNISTD_H
| # include <unistd.h>
| #endif
| #include <values.h>
configure:13185: result: no
configure:13185: checking values.h presence
configure:13185: gcc -E  conftest.c
conftest.c:57:10: fatal error: 'values.h' file not found
#include <values.h>
         ^~~~~~~~~~
1 error generated.
configure:13185: $? = 1
configure: failed program was:
| /* confdefs.h */
| #define PACKAGE_NAME ""
| #define PACKAGE_TARNAME ""
| #define PACKAGE_VERSION ""
| #define PACKAGE_STRING ""
| #define PACKAGE_BUGREPORT ""
| #define PACKAGE_URL ""
| #define GLIB_MAJOR_VERSION 1
| #define GLIB_MINOR_VERSION 2
| #define GLIB_MICRO_VERSION 10
| #define GLIB_INTERFACE_AGE 10
| #define GLIB_BINARY_AGE 10
| #define STDC_HEADERS 1
| #define HAVE_SYS_TYPES_H 1
| #define HAVE_SYS_STAT_H 1
| #define HAVE_STDLIB_H 1
| #define HAVE_STRING_H 1
| #define HAVE_MEMORY_H 1
| #define HAVE_STRINGS_H 1
| #define HAVE_INTTYPES_H 1
| #define HAVE_STDINT_H 1
| #define HAVE_UNISTD_H 1
| #define HAVE_DLFCN_H 1
| #define LT_OBJDIR ".libs/"
| #define G_COMPILED_WITH_DEBUGGING "minimum"
| #define STDC_HEADERS 1
| #define HAVE_VPRINTF 1
| #define HAVE_ATEXIT 1
| #define SIZEOF_CHAR 1
| #define SIZEOF_SHORT 2
| #define SIZEOF_LONG 8
| #define SIZEOF_INT 4
| #define SIZEOF_VOID_P 8
| #define SIZEOF_LONG_LONG 8
| #define G_HAVE___INLINE 1
| #define G_HAVE___INLINE__ 1
| #define G_HAVE_INLINE 1
| #define HAVE_FLOAT_H 1
| #define HAVE_FLOAT_H 1
| #define HAVE_LIMITS_H 1
| #define HAVE_LIMITS_H 1
| #define HAVE_PWD_H 1
| #define HAVE_PWD_H 1
| #define HAVE_SYS_PARAM_H 1
| #define HAVE_SYS_PARAM_H 1
| #define HAVE_SYS_POLL_H 1
| #define HAVE_SYS_POLL_H 1
| #define HAVE_SYS_SELECT_H 1
| #define HAVE_SYS_SELECT_H 1
| #define HAVE_SYS_TIME_H 1
| #define HAVE_SYS_TIME_H 1
| #define HAVE_SYS_TIMES_H 1
| #define HAVE_SYS_TIMES_H 1
| #define HAVE_UNISTD_H 1
| #define HAVE_UNISTD_H 1
| /* end confdefs.h.  */
| #include <values.h>
configure:13185: result: no
configure:13185: checking for values.h
configure:13185: result: no
configure:13201: checking for lstat
configure:13201: gcc -o conftest -g -O2 -Wall   conftest.c  >&5
configure:13201: $? = 0
configure:13201: result: yes
configure:13201: checking for strerror
configure:13201: gcc -o conftest -g -O2 -Wall   conftest.c  >&5
conftest.c:81:6: warning: incompatible redeclaration of library function 'strerror' [-Wincompatible-library-redeclaration]
char strerror ();
     ^
conftest.c:81:6: note: 'strerror' is a builtin with type 'char *(int)'
1 warning generated.
configure:13201: $? = 0
configure:13201: result: yes
configure:13201: checking for strsignal
configure:13201: gcc -o conftest -g -O2 -Wall   conftest.c  >&5
configure:13201: $? = 0
configure:13201: result: yes
configure:13201: checking for memmove
configure:13201: gcc -o conftest -g -O2 -Wall   conftest.c  >&5
conftest.c:83:6: warning: incompatible redeclaration of library function 'memmove' [-Wincompatible-library-redeclaration]
char memmove ();
     ^
conftest.c:83:6: note: 'memmove' is a builtin with type 'void *(void *, const void *, unsigned long)'
1 warning generated.
configure:13201: $? = 0
configure:13201: result: yes
configure:13201: checking for vsnprintf
configure:13201: gcc -o conftest -g -O2 -Wall   conftest.c  >&5
conftest.c:84:6: warning: incompatible redeclaration of library function 'vsnprintf' [-Wincompatible-library-redeclaration]
char vsnprintf ();
     ^
conftest.c:84:6: note: 'vsnprintf' is a builtin with type 'int (char *, unsigned long, const char *, struct __va_list_tag *)'
1 warning generated.
configure:13201: $? = 0
configure:13201: result: yes
configure:13201: checking for strcasecmp
configure:13201: gcc -o conftest -g -O2 -Wall   conftest.c  >&5
conftest.c:85:6: warning: incompatible redeclaration of library function 'strcasecmp' [-Wincompatible-library-redeclaration]
char strcasecmp ();
     ^
conftest.c:85:6: note: 'strcasecmp' is a builtin with type 'int (const char *, const char *)'
1 warning generated.
configure:13201: $? = 0
configure:13201: result: yes
configure:13201: checking for strncasecmp
configure:13201: gcc -o conftest -g -O2 -Wall   conftest.c  >&5
conftest.c:86:6: warning: incompatible redeclaration of library function 'strncasecmp' [-Wincompatible-library-redeclaration]
char strncasecmp ();
     ^
conftest.c:86:6: note: 'strncasecmp' is a builtin with type 'int (const char *, const char *, unsigned long)'
1 warning generated.
configure:13201: $? = 0
configure:13201: result: yes
configure:13201: checking for poll
configure:13201: gcc -o conftest -g -O2 -Wall   conftest.c  >&5
configure:13201: $? = 0
configure:13201: result: yes
configure:13213: checking for sys_errlist
configure:13230: gcc -o conftest -g -O2 -Wall   conftest.c  >&5
configure:13230: $? = 0
configure:13237: result: yes
configure:13245: checking for sys_siglist
configure:13261: gcc -o conftest -g -O2 -Wall   conftest.c  >&5
conftest.c:71:1: warning: implicitly declaring library function 'exit' with type 'void (int) __attribute__((noreturn))' [-Wimplicit-function-declaration]
exit (sys_siglist[0]);
^
conftest.c:71:1: note: include the header <stdlib.h> or explicitly provide a declaration for 'exit'
conftest.c:71:7: warning: incompatible pointer to integer conversion passing 'char *' to parameter of type 'int' [-Wint-conversion]
exit (sys_siglist[0]);
      ^~~~~~~~~~~~~~
2 warnings generated.
configure:13261: $? = 0
configure:13268: result: yes
configure:13276: checking for sys_siglist declaration
configure:13291: gcc -c -g -O2 -Wall  conftest.c >&5
conftest.c:70:1: warning: implicitly declaring library function 'strlen' with type 'unsigned long (const char *)' [-Wimplicit-function-declaration]
strlen (sys_siglist[0]);
^
conftest.c:70:1: note: include the header <string.h> or explicitly provide a declaration for 'strlen'
1 warning generated.
configure:13291: $? = 0
configure:13297: result: yes
configure:13305: checking for fd_set
configure:13318: gcc -c -g -O2 -Wall  conftest.c >&5
conftest.c:69:8: warning: unused variable 'readMask' [-Wunused-variable]
fd_set readMask, writeMask;
       ^
conftest.c:69:18: warning: unused variable 'writeMask' [-Wunused-variable]
fd_set readMask, writeMask;
                 ^
2 warnings generated.
configure:13318: $? = 0
configure:13325: result: yes, found in sys/types.h
configure:13359: checking for wchar.h
configure:13365: gcc -E  conftest.c
configure:13365: $? = 0
configure:13375: result: yes
configure:13380: checking for wctype.h
configure:13386: gcc -E  conftest.c
configure:13386: $? = 0
configure:13396: result: yes
configure:13401: checking for iswalnum
configure:13401: gcc -o conftest -g -O2 -Wall   conftest.c  >&5
configure:13401: $? = 0
configure:13401: result: yes
configure:13454: checking if iswalnum() and friends are properly defined
configure:13480: gcc -o conftest -g -O2 -Wall   conftest.c  >&5
In file included from conftest.c:74:
In file included from /usr/include/wctype.h:40:
In file included from /usr/include/_wctype.h:42:
In file included from /usr/include/__wctype.h:72:
In file included from /usr/include/ctype.h:69:
/usr/include/_ctype.h:136:1: error: function definition is not allowed here
{
^
/usr/include/_ctype.h:154:1: error: function definition is not allowed here
{
^
/usr/include/_ctype.h:165:1: error: function definition is not allowed here
{
^
/usr/include/_ctype.h:195:1: error: function definition is not allowed here
{
^
/usr/include/_ctype.h:213:1: error: function definition is not allowed here
{
^
/usr/include/_ctype.h:219:1: error: function definition is not allowed here
{
^
/usr/include/_ctype.h:225:1: error: function definition is not allowed here
{
^
/usr/include/_ctype.h:231:1: error: function definition is not allowed here
{
^
/usr/include/_ctype.h:238:1: error: function definition is not allowed here
{
^
/usr/include/_ctype.h:244:1: error: function definition is not allowed here
{
^
/usr/include/_ctype.h:250:1: error: function definition is not allowed here
{
^
/usr/include/_ctype.h:256:1: error: function definition is not allowed here
{
^
/usr/include/_ctype.h:262:1: error: function definition is not allowed here
{
^
/usr/include/_ctype.h:268:1: error: function definition is not allowed here
{
^
/usr/include/_ctype.h:274:1: error: function definition is not allowed here
{
^
/usr/include/_ctype.h:281:1: error: function definition is not allowed here
{
^
/usr/include/_ctype.h:287:1: error: function definition is not allowed here
{
^
/usr/include/_ctype.h:293:1: error: function definition is not allowed here
{
^
/usr/include/_ctype.h:299:1: error: function definition is not allowed here
{
^
fatal error: too many errors emitted, stopping now [-ferror-limit=]
20 errors generated.
configure:13480: $? = 1
configure: failed program was:
| /* confdefs.h */
| #define PACKAGE_NAME ""
| #define PACKAGE_TARNAME ""
| #define PACKAGE_VERSION ""
| #define PACKAGE_STRING ""
| #define PACKAGE_BUGREPORT ""
| #define PACKAGE_URL ""
| #define GLIB_MAJOR_VERSION 1
| #define GLIB_MINOR_VERSION 2
| #define GLIB_MICRO_VERSION 10
| #define GLIB_INTERFACE_AGE 10
| #define GLIB_BINARY_AGE 10
| #define STDC_HEADERS 1
| #define HAVE_SYS_TYPES_H 1
| #define HAVE_SYS_STAT_H 1
| #define HAVE_STDLIB_H 1
| #define HAVE_STRING_H 1
| #define HAVE_MEMORY_H 1
| #define HAVE_STRINGS_H 1
| #define HAVE_INTTYPES_H 1
| #define HAVE_STDINT_H 1
| #define HAVE_UNISTD_H 1
| #define HAVE_DLFCN_H 1
| #define LT_OBJDIR ".libs/"
| #define G_COMPILED_WITH_DEBUGGING "minimum"
| #define STDC_HEADERS 1
| #define HAVE_VPRINTF 1
| #define HAVE_ATEXIT 1
| #define SIZEOF_CHAR 1
| #define SIZEOF_SHORT 2
| #define SIZEOF_LONG 8
| #define SIZEOF_INT 4
| #define SIZEOF_VOID_P 8
| #define SIZEOF_LONG_LONG 8
| #define G_HAVE___INLINE 1
| #define G_HAVE___INLINE__ 1
| #define G_HAVE_INLINE 1
| #define HAVE_FLOAT_H 1
| #define HAVE_FLOAT_H 1
| #define HAVE_LIMITS_H 1
| #define HAVE_LIMITS_H 1
| #define HAVE_PWD_H 1
| #define HAVE_PWD_H 1
| #define HAVE_SYS_PARAM_H 1
| #define HAVE_SYS_PARAM_H 1
| #define HAVE_SYS_POLL_H 1
| #define HAVE_SYS_POLL_H 1
| #define HAVE_SYS_SELECT_H 1
| #define HAVE_SYS_SELECT_H 1
| #define HAVE_SYS_TIME_H 1
| #define HAVE_SYS_TIME_H 1
| #define HAVE_SYS_TIMES_H 1
| #define HAVE_SYS_TIMES_H 1
| #define HAVE_UNISTD_H 1
| #define HAVE_UNISTD_H 1
| #define HAVE_LSTAT 1
| #define HAVE_STRERROR 1
| #define HAVE_STRSIGNAL 1
| #define HAVE_MEMMOVE 1
| #define HAVE_VSNPRINTF 1
| #define HAVE_STRCASECMP 1
| #define HAVE_STRNCASECMP 1
| #define HAVE_POLL 1
| #define HAVE_WCHAR_H 1
| #define HAVE_WCTYPE_H 1
| /* end confdefs.h.  */
| #include <stdlib.h>
| int
| main ()
| {
| 
| #if (defined(HAVE_WCTYPE_H) || defined(HAVE_WCHAR_H))
| #  ifdef HAVE_WCTYPE_H
| #    include <wctype.h>
| #  else
| #    ifdef HAVE_WCHAR_H
| #      include <wchar.h>
| #    endif
| #  endif
| #else
| #  define iswalnum(c) ((wchar_t)(c) <= 0xFF && isalnum(c))
| #endif
| iswalnum((wchar_t) 0);
| 
|   ;
|   return 0;
| }
configure:13493: result: no
configure:13496: checking whether realloc (NULL,) will work
configure:13516: gcc -o conftest -g -O2 -Wall   conftest.c  >&5
configure:13516: $? = 0
configure:13516: ./conftest
configure:13516: $? = 0
configure:13534: result: yes
configure:13538: checking for an implementation of va_copy()
configure:13567: gcc -o conftest -g -O2 -Wall   conftest.c  >&5
conftest.c:76:4: warning: implicitly declaring library function 'exit' with type 'void (int) __attribute__((noreturn))' [-Wimplicit-function-declaration]
          exit (1);
          ^
conftest.c:76:4: note: include the header <stdlib.h> or explicitly provide a declaration for 'exit'
1 warning generated.
configure:13567: $? = 0
configure:13567: ./conftest
configure:13567: $? = 0
configure:13581: result: yes
configure:13583: checking for an implementation of __va_copy()
configure:13612: gcc -o conftest -g -O2 -Wall   conftest.c  >&5
conftest.c:76:4: warning: implicitly declaring library function 'exit' with type 'void (int) __attribute__((noreturn))' [-Wimplicit-function-declaration]
          exit (1);
          ^
conftest.c:76:4: note: include the header <stdlib.h> or explicitly provide a declaration for 'exit'
1 warning generated.
configure:13612: $? = 0
configure:13612: ./conftest
configure:13612: $? = 0
configure:13626: result: yes
configure:13628: checking whether va_lists can be copied by value
configure:13657: gcc -o conftest -g -O2 -Wall   conftest.c  >&5
conftest.c:74:8: error: array type 'va_list' (aka '__builtin_va_list') is not assignable
        args2 = args1;
        ~~~~~ ^
conftest.c:76:4: warning: implicitly declaring library function 'exit' with type 'void (int) __attribute__((noreturn))' [-Wimplicit-function-declaration]
          exit (1);
          ^
conftest.c:76:4: note: include the header <stdlib.h> or explicitly provide a declaration for 'exit'
1 warning and 1 error generated.
configure:13657: $? = 1
configure: program exited with status 1
configure: failed program was:
| /* confdefs.h */
| #define PACKAGE_NAME ""
| #define PACKAGE_TARNAME ""
| #define PACKAGE_VERSION ""
| #define PACKAGE_STRING ""
| #define PACKAGE_BUGREPORT ""
| #define PACKAGE_URL ""
| #define GLIB_MAJOR_VERSION 1
| #define GLIB_MINOR_VERSION 2
| #define GLIB_MICRO_VERSION 10
| #define GLIB_INTERFACE_AGE 10
| #define GLIB_BINARY_AGE 10
| #define STDC_HEADERS 1
| #define HAVE_SYS_TYPES_H 1
| #define HAVE_SYS_STAT_H 1
| #define HAVE_STDLIB_H 1
| #define HAVE_STRING_H 1
| #define HAVE_MEMORY_H 1
| #define HAVE_STRINGS_H 1
| #define HAVE_INTTYPES_H 1
| #define HAVE_STDINT_H 1
| #define HAVE_UNISTD_H 1
| #define HAVE_DLFCN_H 1
| #define LT_OBJDIR ".libs/"
| #define G_COMPILED_WITH_DEBUGGING "minimum"
| #define STDC_HEADERS 1
| #define HAVE_VPRINTF 1
| #define HAVE_ATEXIT 1
| #define SIZEOF_CHAR 1
| #define SIZEOF_SHORT 2
| #define SIZEOF_LONG 8
| #define SIZEOF_INT 4
| #define SIZEOF_VOID_P 8
| #define SIZEOF_LONG_LONG 8
| #define G_HAVE___INLINE 1
| #define G_HAVE___INLINE__ 1
| #define G_HAVE_INLINE 1
| #define HAVE_FLOAT_H 1
| #define HAVE_FLOAT_H 1
| #define HAVE_LIMITS_H 1
| #define HAVE_LIMITS_H 1
| #define HAVE_PWD_H 1
| #define HAVE_PWD_H 1
| #define HAVE_SYS_PARAM_H 1
| #define HAVE_SYS_PARAM_H 1
| #define HAVE_SYS_POLL_H 1
| #define HAVE_SYS_POLL_H 1
| #define HAVE_SYS_SELECT_H 1
| #define HAVE_SYS_SELECT_H 1
| #define HAVE_SYS_TIME_H 1
| #define HAVE_SYS_TIME_H 1
| #define HAVE_SYS_TIMES_H 1
| #define HAVE_SYS_TIMES_H 1
| #define HAVE_UNISTD_H 1
| #define HAVE_UNISTD_H 1
| #define HAVE_LSTAT 1
| #define HAVE_STRERROR 1
| #define HAVE_STRSIGNAL 1
| #define HAVE_MEMMOVE 1
| #define HAVE_VSNPRINTF 1
| #define HAVE_STRCASECMP 1
| #define HAVE_STRNCASECMP 1
| #define HAVE_POLL 1
| #define HAVE_WCHAR_H 1
| #define HAVE_WCTYPE_H 1
| #define HAVE_BROKEN_WCTYPE 1
| #define REALLOC_0_WORKS 1
| /* end confdefs.h.  */
| 
| 	#include <stdarg.h>
| 	void f (int i, ...) {
| 	va_list args1, args2;
| 	va_start (args1, i);
| 	args2 = args1;
| 	if (va_arg (args2, int) != 42 || va_arg (args1, int) != 42)
| 	  exit (1);
| 	va_end (args1); va_end (args2);
| 	}
| 	int main() {
| 	  f (0, 42);
| 	  return 0;
| 	}
configure:13683: result: no
configure:13693: checking for dlopen
configure:13693: gcc -o conftest -g -O2 -Wall   conftest.c  >&5
configure:13693: $? = 0
configure:13693: result: yes
configure:13695: checking for dlsym
configure:13695: gcc -o conftest -g -O2 -Wall   conftest.c  >&5
configure:13695: $? = 0
configure:13695: result: yes
configure:13894: checking for RTLD_GLOBAL brokenness
configure:13926: gcc -o conftest -g -O2 -Wall    conftest.c   >&5
configure:13926: $? = 0
configure:13926: ./conftest
configure:13926: $? = 0
configure:13938: result: no
configure:13945: checking for preceeding underscore in symbols
configure:13971: gcc -o conftest -g -O2 -Wall    conftest.c   >&5
configure:13971: $? = 0
configure:13971: ./conftest
configure:13971: $? = 1
configure: program exited with status 1
configure: failed program was:
| /* confdefs.h */
| #define PACKAGE_NAME ""
| #define PACKAGE_TARNAME ""
| #define PACKAGE_VERSION ""
| #define PACKAGE_STRING ""
| #define PACKAGE_BUGREPORT ""
| #define PACKAGE_URL ""
| #define GLIB_MAJOR_VERSION 1
| #define GLIB_MINOR_VERSION 2
| #define GLIB_MICRO_VERSION 10
| #define GLIB_INTERFACE_AGE 10
| #define GLIB_BINARY_AGE 10
| #define STDC_HEADERS 1
| #define HAVE_SYS_TYPES_H 1
| #define HAVE_SYS_STAT_H 1
| #define HAVE_STDLIB_H 1
| #define HAVE_STRING_H 1
| #define HAVE_MEMORY_H 1
| #define HAVE_STRINGS_H 1
| #define HAVE_INTTYPES_H 1
| #define HAVE_STDINT_H 1
| #define HAVE_UNISTD_H 1
| #define HAVE_DLFCN_H 1
| #define LT_OBJDIR ".libs/"
| #define G_COMPILED_WITH_DEBUGGING "minimum"
| #define STDC_HEADERS 1
| #define HAVE_VPRINTF 1
| #define HAVE_ATEXIT 1
| #define SIZEOF_CHAR 1
| #define SIZEOF_SHORT 2
| #define SIZEOF_LONG 8
| #define SIZEOF_INT 4
| #define SIZEOF_VOID_P 8
| #define SIZEOF_LONG_LONG 8
| #define G_HAVE___INLINE 1
| #define G_HAVE___INLINE__ 1
| #define G_HAVE_INLINE 1
| #define HAVE_FLOAT_H 1
| #define HAVE_FLOAT_H 1
| #define HAVE_LIMITS_H 1
| #define HAVE_LIMITS_H 1
| #define HAVE_PWD_H 1
| #define HAVE_PWD_H 1
| #define HAVE_SYS_PARAM_H 1
| #define HAVE_SYS_PARAM_H 1
| #define HAVE_SYS_POLL_H 1
| #define HAVE_SYS_POLL_H 1
| #define HAVE_SYS_SELECT_H 1
| #define HAVE_SYS_SELECT_H 1
| #define HAVE_SYS_TIME_H 1
| #define HAVE_SYS_TIME_H 1
| #define HAVE_SYS_TIMES_H 1
| #define HAVE_SYS_TIMES_H 1
| #define HAVE_UNISTD_H 1
| #define HAVE_UNISTD_H 1
| #define HAVE_LSTAT 1
| #define HAVE_STRERROR 1
| #define HAVE_STRSIGNAL 1
| #define HAVE_MEMMOVE 1
| #define HAVE_VSNPRINTF 1
| #define HAVE_STRCASECMP 1
| #define HAVE_STRNCASECMP 1
| #define HAVE_POLL 1
| #define HAVE_WCHAR_H 1
| #define HAVE_WCTYPE_H 1
| #define HAVE_BROKEN_WCTYPE 1
| #define REALLOC_0_WORKS 1
| #define G_VA_COPY va_copy
| #define G_VA_COPY_AS_ARRAY 1
| /* end confdefs.h.  */
| 
| 		#include <dlfcn.h>
|                 int glib_underscore_test (void) { return 42; }
| 		int main() {
| 		  void *f1 = (void*)0, *f2 = (void*)0, *handle;
| 		  handle = dlopen ((void*)0, 0);
| 		  if (handle) {
| 		    f1 = dlsym (handle, "glib_underscore_test");
| 		    f2 = dlsym (handle, "_glib_underscore_test");
| 		  } return (!f2 || f1);
| 		}
configure:13984: result: no
configure:13993: checking for dlerror
configure:13993: gcc -o conftest -g -O2 -Wall   conftest.c   >&5
configure:13993: $? = 0
configure:13993: result: yes
configure:14108: checking pthread.h usability
configure:14108: gcc -c -g -O2 -Wall  conftest.c >&5
configure:14108: $? = 0
configure:14108: result: yes
configure:14108: checking pthread.h presence
configure:14108: gcc -E  conftest.c
configure:14108: $? = 0
configure:14108: result: yes
configure:14108: checking for pthread.h
configure:14108: result: yes
configure:14161: checking for thread implementation
configure:14170: result: posix
configure:14183: checking for pthread_attr_init in -lpthread
configure:14208: gcc -o conftest -g -O2 -Wall   conftest.c -lpthread   >&5
configure:14208: $? = 0
configure:14217: result: yes
configure:14551: checking necessary linker options
configure:14553: result: -lpthread
configure:14597: checking necessary compiler options
configure:14600: result:  -D_REENTRANT
configure:14617: checking for localtime_r
configure:14617: gcc -o conftest -g -O2 -Wall  -D_REENTRANT   conftest.c  >&5
configure:14617: $? = 0
configure:14617: result: yes
configure:14617: checking for rand_r
configure:14617: gcc -o conftest -g -O2 -Wall  -D_REENTRANT   conftest.c  >&5
configure:14617: $? = 0
configure:14617: result: yes
configure:14628: checking for getpwuid_r
configure:14651: gcc -o conftest -g -O2 -Wall  -D_REENTRANT   conftest.c  >&5
configure:14651: $? = 0
configure:14651: ./conftest
configure:14651: $? = 0
configure:14663: result: yes
configure:14672: checking whether getpwuid_r is posix like
configure:14689: gcc -c -g -O2 -Wall  -D_REENTRANT  conftest.c >&5
configure:14689: $? = 0
configure:14692: result: yes
configure:14703: checking whether pthread_getspecific is posix like
configure:14717: gcc -c -g -O2 -Wall  -D_REENTRANT  conftest.c >&5
conftest.c:79:23: error: too many arguments to function call, expected 1, have 2
pthread_getspecific(0,NULL);
~~~~~~~~~~~~~~~~~~~   ^~~~
/usr/include/sys/_types/_null.h:30:15: note: expanded from macro 'NULL'
#define NULL  __DARWIN_NULL
              ^~~~~~~~~~~~~
/usr/include/sys/_types.h:52:23: note: expanded from macro '__DARWIN_NULL'
#define __DARWIN_NULL ((void *)0)
                      ^~~~~~~~~~~
/usr/include/pthread.h:352:1: note: 'pthread_getspecific' declared here
__API_AVAILABLE(macos(10.4), ios(2.0))
^
/usr/include/Availability.h:415:126: note: expanded from macro '__API_AVAILABLE'
    #define __API_AVAILABLE(...) __API_AVAILABLE_GET_MACRO(__VA_ARGS__,__API_AVAILABLE5, __API_AVAILABLE4, __API_AVAILABLE3, __API_AVAILABLE2, __API_AVAILABLE1)(__VA_ARGS__)
                                                                                                                             ^
1 error generated.
configure:14717: $? = 1
configure: failed program was:
| /* confdefs.h */
| #define PACKAGE_NAME ""
| #define PACKAGE_TARNAME ""
| #define PACKAGE_VERSION ""
| #define PACKAGE_STRING ""
| #define PACKAGE_BUGREPORT ""
| #define PACKAGE_URL ""
| #define GLIB_MAJOR_VERSION 1
| #define GLIB_MINOR_VERSION 2
| #define GLIB_MICRO_VERSION 10
| #define GLIB_INTERFACE_AGE 10
| #define GLIB_BINARY_AGE 10
| #define STDC_HEADERS 1
| #define HAVE_SYS_TYPES_H 1
| #define HAVE_SYS_STAT_H 1
| #define HAVE_STDLIB_H 1
| #define HAVE_STRING_H 1
| #define HAVE_MEMORY_H 1
| #define HAVE_STRINGS_H 1
| #define HAVE_INTTYPES_H 1
| #define HAVE_STDINT_H 1
| #define HAVE_UNISTD_H 1
| #define HAVE_DLFCN_H 1
| #define LT_OBJDIR ".libs/"
| #define G_COMPILED_WITH_DEBUGGING "minimum"
| #define STDC_HEADERS 1
| #define HAVE_VPRINTF 1
| #define HAVE_ATEXIT 1
| #define SIZEOF_CHAR 1
| #define SIZEOF_SHORT 2
| #define SIZEOF_LONG 8
| #define SIZEOF_INT 4
| #define SIZEOF_VOID_P 8
| #define SIZEOF_LONG_LONG 8
| #define G_HAVE___INLINE 1
| #define G_HAVE___INLINE__ 1
| #define G_HAVE_INLINE 1
| #define HAVE_FLOAT_H 1
| #define HAVE_FLOAT_H 1
| #define HAVE_LIMITS_H 1
| #define HAVE_LIMITS_H 1
| #define HAVE_PWD_H 1
| #define HAVE_PWD_H 1
| #define HAVE_SYS_PARAM_H 1
| #define HAVE_SYS_PARAM_H 1
| #define HAVE_SYS_POLL_H 1
| #define HAVE_SYS_POLL_H 1
| #define HAVE_SYS_SELECT_H 1
| #define HAVE_SYS_SELECT_H 1
| #define HAVE_SYS_TIME_H 1
| #define HAVE_SYS_TIME_H 1
| #define HAVE_SYS_TIMES_H 1
| #define HAVE_SYS_TIMES_H 1
| #define HAVE_UNISTD_H 1
| #define HAVE_UNISTD_H 1
| #define HAVE_LSTAT 1
| #define HAVE_STRERROR 1
| #define HAVE_STRSIGNAL 1
| #define HAVE_MEMMOVE 1
| #define HAVE_VSNPRINTF 1
| #define HAVE_STRCASECMP 1
| #define HAVE_STRNCASECMP 1
| #define HAVE_POLL 1
| #define HAVE_WCHAR_H 1
| #define HAVE_WCTYPE_H 1
| #define HAVE_BROKEN_WCTYPE 1
| #define REALLOC_0_WORKS 1
| #define G_VA_COPY va_copy
| #define G_VA_COPY_AS_ARRAY 1
| #define HAVE_LOCALTIME_R 1
| #define HAVE_RAND_R 1
| #define HAVE_GETPWUID_R 1
| #define HAVE_GETPWUID_R_POSIX 1
| /* end confdefs.h.  */
| #include <pthread.h>
| int
| main ()
| {
| pthread_getspecific(0,NULL);
|   ;
|   return 0;
| }
configure:14721: result: yes
configure:14727: checking whether pthread_mutex_trylock is posix like
configure:14743: gcc -o conftest -g -O2 -Wall  -D_REENTRANT   conftest.c  -lpthread >&5
configure:14743: $? = 0
configure:14743: ./conftest
configure:14743: $? = 1
configure: program exited with status 1
configure: failed program was:
| /* confdefs.h */
| #define PACKAGE_NAME ""
| #define PACKAGE_TARNAME ""
| #define PACKAGE_VERSION ""
| #define PACKAGE_STRING ""
| #define PACKAGE_BUGREPORT ""
| #define PACKAGE_URL ""
| #define GLIB_MAJOR_VERSION 1
| #define GLIB_MINOR_VERSION 2
| #define GLIB_MICRO_VERSION 10
| #define GLIB_INTERFACE_AGE 10
| #define GLIB_BINARY_AGE 10
| #define STDC_HEADERS 1
| #define HAVE_SYS_TYPES_H 1
| #define HAVE_SYS_STAT_H 1
| #define HAVE_STDLIB_H 1
| #define HAVE_STRING_H 1
| #define HAVE_MEMORY_H 1
| #define HAVE_STRINGS_H 1
| #define HAVE_INTTYPES_H 1
| #define HAVE_STDINT_H 1
| #define HAVE_UNISTD_H 1
| #define HAVE_DLFCN_H 1
| #define LT_OBJDIR ".libs/"
| #define G_COMPILED_WITH_DEBUGGING "minimum"
| #define STDC_HEADERS 1
| #define HAVE_VPRINTF 1
| #define HAVE_ATEXIT 1
| #define SIZEOF_CHAR 1
| #define SIZEOF_SHORT 2
| #define SIZEOF_LONG 8
| #define SIZEOF_INT 4
| #define SIZEOF_VOID_P 8
| #define SIZEOF_LONG_LONG 8
| #define G_HAVE___INLINE 1
| #define G_HAVE___INLINE__ 1
| #define G_HAVE_INLINE 1
| #define HAVE_FLOAT_H 1
| #define HAVE_FLOAT_H 1
| #define HAVE_LIMITS_H 1
| #define HAVE_LIMITS_H 1
| #define HAVE_PWD_H 1
| #define HAVE_PWD_H 1
| #define HAVE_SYS_PARAM_H 1
| #define HAVE_SYS_PARAM_H 1
| #define HAVE_SYS_POLL_H 1
| #define HAVE_SYS_POLL_H 1
| #define HAVE_SYS_SELECT_H 1
| #define HAVE_SYS_SELECT_H 1
| #define HAVE_SYS_TIME_H 1
| #define HAVE_SYS_TIME_H 1
| #define HAVE_SYS_TIMES_H 1
| #define HAVE_SYS_TIMES_H 1
| #define HAVE_UNISTD_H 1
| #define HAVE_UNISTD_H 1
| #define HAVE_LSTAT 1
| #define HAVE_STRERROR 1
| #define HAVE_STRSIGNAL 1
| #define HAVE_MEMMOVE 1
| #define HAVE_VSNPRINTF 1
| #define HAVE_STRCASECMP 1
| #define HAVE_STRNCASECMP 1
| #define HAVE_POLL 1
| #define HAVE_WCHAR_H 1
| #define HAVE_WCTYPE_H 1
| #define HAVE_BROKEN_WCTYPE 1
| #define REALLOC_0_WORKS 1
| #define G_VA_COPY va_copy
| #define G_VA_COPY_AS_ARRAY 1
| #define HAVE_LOCALTIME_R 1
| #define HAVE_RAND_R 1
| #define HAVE_GETPWUID_R 1
| #define HAVE_GETPWUID_R_POSIX 1
| #define HAVE_PTHREAD_GETSPECIFIC_POSIX 1
| /* end confdefs.h.  */
| #include <pthread.h>
| 			pthread_mutex_t mutex = PTHREAD_MUTEX_INITIALIZER;
| 			int main () {
| 			return !pthread_mutex_trylock (&mutex); }
configure:14747: result: yes
configure:14756: checking whether pthread_cond_timedwait is posix like
configure:14781: gcc -o conftest -g -O2 -Wall  -D_REENTRANT   conftest.c  -lpthread >&5
configure:14781: $? = 0
configure:14781: ./conftest
configure:14781: $? = 1
configure: program exited with status 1
configure: failed program was:
| /* confdefs.h */
| #define PACKAGE_NAME ""
| #define PACKAGE_TARNAME ""
| #define PACKAGE_VERSION ""
| #define PACKAGE_STRING ""
| #define PACKAGE_BUGREPORT ""
| #define PACKAGE_URL ""
| #define GLIB_MAJOR_VERSION 1
| #define GLIB_MINOR_VERSION 2
| #define GLIB_MICRO_VERSION 10
| #define GLIB_INTERFACE_AGE 10
| #define GLIB_BINARY_AGE 10
| #define STDC_HEADERS 1
| #define HAVE_SYS_TYPES_H 1
| #define HAVE_SYS_STAT_H 1
| #define HAVE_STDLIB_H 1
| #define HAVE_STRING_H 1
| #define HAVE_MEMORY_H 1
| #define HAVE_STRINGS_H 1
| #define HAVE_INTTYPES_H 1
| #define HAVE_STDINT_H 1
| #define HAVE_UNISTD_H 1
| #define HAVE_DLFCN_H 1
| #define LT_OBJDIR ".libs/"
| #define G_COMPILED_WITH_DEBUGGING "minimum"
| #define STDC_HEADERS 1
| #define HAVE_VPRINTF 1
| #define HAVE_ATEXIT 1
| #define SIZEOF_CHAR 1
| #define SIZEOF_SHORT 2
| #define SIZEOF_LONG 8
| #define SIZEOF_INT 4
| #define SIZEOF_VOID_P 8
| #define SIZEOF_LONG_LONG 8
| #define G_HAVE___INLINE 1
| #define G_HAVE___INLINE__ 1
| #define G_HAVE_INLINE 1
| #define HAVE_FLOAT_H 1
| #define HAVE_FLOAT_H 1
| #define HAVE_LIMITS_H 1
| #define HAVE_LIMITS_H 1
| #define HAVE_PWD_H 1
| #define HAVE_PWD_H 1
| #define HAVE_SYS_PARAM_H 1
| #define HAVE_SYS_PARAM_H 1
| #define HAVE_SYS_POLL_H 1
| #define HAVE_SYS_POLL_H 1
| #define HAVE_SYS_SELECT_H 1
| #define HAVE_SYS_SELECT_H 1
| #define HAVE_SYS_TIME_H 1
| #define HAVE_SYS_TIME_H 1
| #define HAVE_SYS_TIMES_H 1
| #define HAVE_SYS_TIMES_H 1
| #define HAVE_UNISTD_H 1
| #define HAVE_UNISTD_H 1
| #define HAVE_LSTAT 1
| #define HAVE_STRERROR 1
| #define HAVE_STRSIGNAL 1
| #define HAVE_MEMMOVE 1
| #define HAVE_VSNPRINTF 1
| #define HAVE_STRCASECMP 1
| #define HAVE_STRNCASECMP 1
| #define HAVE_POLL 1
| #define HAVE_WCHAR_H 1
| #define HAVE_WCTYPE_H 1
| #define HAVE_BROKEN_WCTYPE 1
| #define REALLOC_0_WORKS 1
| #define G_VA_COPY va_copy
| #define G_VA_COPY_AS_ARRAY 1
| #define HAVE_LOCALTIME_R 1
| #define HAVE_RAND_R 1
| #define HAVE_GETPWUID_R 1
| #define HAVE_GETPWUID_R_POSIX 1
| #define HAVE_PTHREAD_GETSPECIFIC_POSIX 1
| #define HAVE_PTHREAD_MUTEX_TRYLOCK_POSIX 1
| /* end confdefs.h.  */
| #include <pthread.h>
| 			#include <sys/time.h>
| 			int main () {
| 			pthread_mutex_t mutex = PTHREAD_MUTEX_INITIALIZER;
| 			pthread_cond_t cond = PTHREAD_COND_INITIALIZER;
| 			struct timeval tval;
| 			struct timespec tspec;
| 			gettimeofday (&tval, NULL);
| 			tspec.tv_sec = tval.tv_sec;
| 			tspec.tv_nsec = 0;
| 			pthread_mutex_lock (&mutex);
| 			return pthread_cond_timedwait (&cond,&mutex,&tspec)
| 				!= -1;}
configure:14785: result: yes
configure:14822: checking size of pthread_mutex_t
configure:14845: gcc -o conftest -g -O2 -Wall  -D_REENTRANT   conftest.c  >&5
conftest.c:81:1: warning: type specifier missing, defaults to 'int' [-Wimplicit-int]
main()
^
conftest.c:84:11: warning: implicitly declaring library function 'exit' with type 'void (int) __attribute__((noreturn))' [-Wimplicit-function-declaration]
  if (!f) exit(1);
          ^
conftest.c:84:11: note: include the header <stdlib.h> or explicitly provide a declaration for 'exit'
conftest.c:85:22: warning: format specifies type 'int' but the argument has type 'unsigned long' [-Wformat]
  fprintf(f, "%d\n", sizeof(pthread_mutex_t));
              ~~     ^~~~~~~~~~~~~~~~~~~~~~~
              %lu
3 warnings generated.
configure:14845: $? = 0
configure:14845: ./conftest
configure:14845: $? = 0
configure:14855: result: 64
configure:14862: checking byte contents of pthread_mutex_t
configure:14887: gcc -o conftest -g -O2 -Wall  -D_REENTRANT   conftest.c  >&5
conftest.c:82:1: warning: type specifier missing, defaults to 'int' [-Wimplicit-int]
main()
^
conftest.c:88:11: warning: implicitly declaring library function 'exit' with type 'void (int) __attribute__((noreturn))' [-Wimplicit-function-declaration]
  if (!f) exit(1);
          ^
conftest.c:88:11: note: include the header <stdlib.h> or explicitly provide a declaration for 'exit'
2 warnings generated.
configure:14887: $? = 0
configure:14887: ./conftest
configure:14887: $? = 0
configure:14897: result: -89,-85,-86,50,0,0,0,0,0,0,0,0,0,0,0,0,0,0,0,0,0,0,0,0,0,0,0,0,0,0,0,0,0,0,0,0,0,0,0,0,0,0,0,0,0,0,0,0,0,0,0,0,0,0,0,0,0,0,0,0,0,0,0,0
configure:14920: checking system definitions for POLLIN POLLOUT POLLPRI POLLERR POLLHUP POLLNVAL
configure:14954: gcc -o conftest -g -O2 -Wall  -D_REENTRANT   conftest.c  >&5
configure:14954: $? = 0
configure:14954: ./conftest
configure:14954: $? = 0
configure:14955: result: done
configure:15118: creating ./config.status

## ---------------------- ##
## Running config.status. ##
## ---------------------- ##

This file was extended by config.status, which was
generated by GNU Autoconf 2.65.  Invocation command line was

  CONFIG_FILES    = 
  CONFIG_HEADERS  = 
  CONFIG_LINKS    = 
  CONFIG_COMMANDS = 
  $ ./config.status 

on Mac.local

config.status:1337: creating glib.spec
config.status:1337: creating Makefile
config.status:1337: creating glib-config
config.status:1337: creating gmodule/gmoduleconf.h
config.status:1337: creating gmodule/Makefile
config.status:1337: creating gthread/Makefile
config.status:1337: creating docs/Makefile
config.status:1337: creating docs/glib-config.1
config.status:1337: creating tests/Makefile
config.status:1337: creating glib.pc
config.status:1337: creating gmodule.pc
config.status:1337: creating gthread.pc
config.status:1337: creating config.h
config.status:1557: executing depfiles commands
config.status:1557: executing libtool commands
config.status:1557: executing default-1 commands
config.status:1557: executing default commands

## ---------------- ##
## Cache variables. ##
## ---------------- ##

ac_cv_build=i686-apple-darwin17.5.0
ac_cv_c_bigendian=no
ac_cv_c_compiler_gnu=yes
ac_cv_c_const=yes
ac_cv_env_CC_set=
ac_cv_env_CC_value=
ac_cv_env_CFLAGS_set=
ac_cv_env_CFLAGS_value=
ac_cv_env_CPPFLAGS_set=
ac_cv_env_CPPFLAGS_value=
ac_cv_env_CPP_set=
ac_cv_env_CPP_value=
ac_cv_env_LDFLAGS_set=
ac_cv_env_LDFLAGS_value=
ac_cv_env_LIBS_set=
ac_cv_env_LIBS_value=
ac_cv_env_build_alias_set=
ac_cv_env_build_alias_value=
ac_cv_env_host_alias_set=
ac_cv_env_host_alias_value=
ac_cv_env_target_alias_set=
ac_cv_env_target_alias_value=
ac_cv_func__doprnt=no
ac_cv_func_atexit=yes
ac_cv_func_dlerror=yes
ac_cv_func_dlopen=yes
ac_cv_func_dlsym=yes
ac_cv_func_getpwuid_r=yes
ac_cv_func_iswalnum=yes
ac_cv_func_localtime_r=yes
ac_cv_func_lstat=yes
ac_cv_func_memmove=yes
ac_cv_func_on_exit=no
ac_cv_func_poll=yes
ac_cv_func_rand_r=yes
ac_cv_func_strcasecmp=yes
ac_cv_func_strerror=yes
ac_cv_func_strncasecmp=yes
ac_cv_func_strsignal=yes
ac_cv_func_vprintf=yes
ac_cv_func_vsnprintf=yes
ac_cv_header_dlfcn_h=yes
ac_cv_header_float_h=yes
ac_cv_header_inttypes_h=yes
ac_cv_header_limits_h=yes
ac_cv_header_memory_h=yes
ac_cv_header_pthread_h=yes
ac_cv_header_pwd_h=yes
ac_cv_header_stdc=yes
ac_cv_header_stdint_h=yes
ac_cv_header_stdlib_h=yes
ac_cv_header_string_h=yes
ac_cv_header_strings_h=yes
ac_cv_header_sys_param_h=yes
ac_cv_header_sys_poll_h=yes
ac_cv_header_sys_select_h=yes
ac_cv_header_sys_stat_h=yes
ac_cv_header_sys_time_h=yes
ac_cv_header_sys_times_h=yes
ac_cv_header_sys_types_h=yes
ac_cv_header_unistd_h=yes
ac_cv_header_values_h=no
ac_cv_host=i686-apple-darwin17.5.0
ac_cv_lib_pthread_pthread_attr_init=yes
ac_cv_objext=o
ac_cv_path_EGREP='/usr/bin/grep -E'
ac_cv_path_FGREP='/usr/bin/grep -F'
ac_cv_path_GREP=/usr/bin/grep
ac_cv_path_SED=/usr/bin/sed
ac_cv_path_install='/usr/bin/install -c'
ac_cv_prog_AWK=awk
ac_cv_prog_CPP='gcc -E'
ac_cv_prog_ac_ct_AR=ar
ac_cv_prog_ac_ct_CC=gcc
ac_cv_prog_ac_ct_DSYMUTIL=dsymutil
ac_cv_prog_ac_ct_LIPO=lipo
ac_cv_prog_ac_ct_NMEDIT=nmedit
ac_cv_prog_ac_ct_OBJDUMP=objdump
ac_cv_prog_ac_ct_OTOOL=otool
ac_cv_prog_ac_ct_RANLIB=ranlib
ac_cv_prog_ac_ct_STRIP=strip
ac_cv_prog_cc_c89=
ac_cv_prog_cc_g=yes
ac_cv_prog_make_make_set=yes
ac_cv_sizeof_char=1
ac_cv_sizeof_int=4
ac_cv_sizeof_long=8
ac_cv_sizeof_long_long=8
ac_cv_sizeof_short=2
ac_cv_sizeof_void_p=8
am_cv_CC_dependencies_compiler_type=gcc3
am_cv_prog_cc_stdc=
glib_cv___va_copy=yes
glib_cv_byte_contents_gmutex=-89,-85,-86,50,0,0,0,0,0,0,0,0,0,0,0,0,0,0,0,0,0,0,0,0,0,0,0,0,0,0,0,0,0,0,0,0,0,0,0,0,0,0,0,0,0,0,0,0,0,0,0,0,0,0,0,0,0,0,0,0,0,0,0,0
glib_cv_has__inline=yes
glib_cv_has__inline__=yes
glib_cv_hasinline=yes
glib_cv_rtldglobal_broken=no
glib_cv_sane_realloc=yes
glib_cv_sizeof_gmutex=64
glib_cv_uscore=no
glib_cv_va_copy=yes
glib_cv_va_val_copy=no
lt_cv_apple_cc_single_mod=yes
lt_cv_deplibs_check_method=pass_all
lt_cv_file_magic_cmd='$MAGIC_CMD'
lt_cv_file_magic_test_file=
lt_cv_ld_exported_symbols_list=yes
lt_cv_ld_reload_flag=-r
lt_cv_nm_interface='BSD nm'
lt_cv_objdir=.libs
lt_cv_path_LD=/Applications/Xcode.app/Contents/Developer/Toolchains/XcodeDefault.xctoolchain/usr/bin/ld
lt_cv_path_NM='/usr/bin/nm -B'
lt_cv_prog_compiler_c_o=yes
lt_cv_prog_compiler_pic_works=yes
lt_cv_prog_compiler_rtti_exceptions=yes
lt_cv_prog_compiler_static_works=no
lt_cv_prog_gnu_ld=no
lt_cv_sys_global_symbol_pipe='sed -n -e '\''s/^.*[	 ]\([BCDEGRST][BCDEGRST]*\)[	 ][	 ]*_\([_A-Za-z][_A-Za-z0-9]*\)$/\1 _\2 \2/p'\'''
lt_cv_sys_global_symbol_to_c_name_address='sed -n -e '\''s/^: \([^ ]*\) $/  {\"\1\", (void *) 0},/p'\'' -e '\''s/^[BCDEGRST]* \([^ ]*\) \([^ ]*\)$/  {"\2", (void *) \&\2},/p'\'''
lt_cv_sys_global_symbol_to_c_name_address_lib_prefix='sed -n -e '\''s/^: \([^ ]*\) $/  {\"\1\", (void *) 0},/p'\'' -e '\''s/^[BCDEGRST]* \([^ ]*\) \(lib[^ ]*\)$/  {"\2", (void *) \&\2},/p'\'' -e '\''s/^[BCDEGRST]* \([^ ]*\) \([^ ]*\)$/  {"lib\2", (void *) \&\2},/p'\'''
lt_cv_sys_global_symbol_to_cdecl='sed -n -e '\''s/^T .* \(.*\)$/extern int \1();/p'\'' -e '\''s/^[BCDEGRST]* .* \(.*\)$/extern char \1;/p'\'''
lt_cv_sys_max_cmd_len=196608

## ----------------- ##
## Output variables. ##
## ----------------- ##

ACLOCAL='${SHELL} /Users/paullaguna/Documents/Protractor/MissionControl/pkg-config-0.25/glib-1.2.10/missing --run aclocal-1.11'
AMDEPBACKSLASH='\'
AMDEP_FALSE='#'
AMDEP_TRUE=''
AMTAR='${SHELL} /Users/paullaguna/Documents/Protractor/MissionControl/pkg-config-0.25/glib-1.2.10/missing --run tar'
AR='ar'
AUTOCONF='${SHELL} /Users/paullaguna/Documents/Protractor/MissionControl/pkg-config-0.25/glib-1.2.10/missing --run autoconf'
AUTOHEADER='${SHELL} /Users/paullaguna/Documents/Protractor/MissionControl/pkg-config-0.25/glib-1.2.10/missing --run autoheader'
AUTOMAKE='${SHELL} /Users/paullaguna/Documents/Protractor/MissionControl/pkg-config-0.25/glib-1.2.10/missing --run automake-1.11'
AWK='awk'
CC='gcc'
CCDEPMODE='depmode=gcc3'
CFLAGS='-g -O2 -Wall  -D_REENTRANT'
CPP='gcc -E'
CPPFLAGS=''
CYGPATH_W='echo'
DEFS='-DHAVE_CONFIG_H'
DEPDIR='.deps'
DSYMUTIL='dsymutil'
DUMPBIN=''
ECHO_C='\c'
ECHO_N=''
ECHO_T=''
EGREP='/usr/bin/grep -E'
ENABLE_MEM_CHECK=''
ENABLE_MEM_PROFILE=''
EXEEXT=''
FGREP='/usr/bin/grep -F'
GLIB_BINARY_AGE='10'
GLIB_DEBUG_FLAGS=''
GLIB_INTERFACE_AGE='10'
GLIB_MAJOR_VERSION='1'
GLIB_MICRO_VERSION='10'
GLIB_MINOR_VERSION='2'
GLIB_VERSION='1.2.10'
GREP='/usr/bin/grep'
G_MODULE_BROKEN_RTLD_GLOBAL='0'
G_MODULE_HAVE_DLERROR='1'
G_MODULE_IMPL='G_MODULE_IMPL_DL'
G_MODULE_LDFLAGS=''
G_MODULE_LIBS=''
G_MODULE_NEED_USCORE='0'
G_THREAD_CFLAGS=' -D_REENTRANT'
G_THREAD_LIBS='-lpthread'
INSTALL_DATA='${INSTALL} -m 644'
INSTALL_PROGRAM='${INSTALL}'
INSTALL_SCRIPT='${INSTALL}'
INSTALL_STRIP_PROGRAM='$(install_sh) -c -s'
LD='/Applications/Xcode.app/Contents/Developer/Toolchains/XcodeDefault.xctoolchain/usr/bin/ld'
LDFLAGS=''
LIBOBJS=''
LIBS=''
LIBTOOL='$(SHELL) $(top_builddir)/libtool'
LIPO='lipo'
LN_S='ln -s'
LTLIBOBJS=''
LT_AGE='0'
LT_CURRENT='0'
LT_RELEASE='1.2'
LT_REVISION='10'
MAINT='#'
MAINTAINER_MODE_FALSE=''
MAINTAINER_MODE_TRUE='#'
MAKEINFO='${SHELL} /Users/paullaguna/Documents/Protractor/MissionControl/pkg-config-0.25/glib-1.2.10/missing --run makeinfo'
MKDIR_P='./install-sh -c -d'
NM='/usr/bin/nm -B'
NMEDIT='nmedit'
OBJDUMP='objdump'
OBJEXT='o'
OTOOL64=':'
OTOOL='otool'
PACKAGE='glib'
PACKAGE_BUGREPORT=''
PACKAGE_NAME=''
PACKAGE_STRING=''
PACKAGE_TARNAME=''
PACKAGE_URL=''
PACKAGE_VERSION=''
PATH_SEPARATOR=':'
RANLIB='ranlib'
SED='/usr/bin/sed'
SET_MAKE=''
SHELL='/bin/sh'
STRIP='strip'
VERSION='1.2.10'
ac_ct_CC='gcc'
ac_ct_DUMPBIN=''
am__EXEEXT_FALSE=''
am__EXEEXT_TRUE='#'
am__fastdepCC_FALSE='#'
am__fastdepCC_TRUE=''
am__include='include'
am__isrc=''
am__leading_dot='.'
am__quote=''
am__tar='${AMTAR} chof - "$$tardir"'
am__untar='${AMTAR} xf -'
bindir='${exec_prefix}/bin'
build='i686-apple-darwin17.5.0'
build_alias=''
build_cpu='i686'
build_os='darwin17.5.0'
build_vendor='apple'
datadir='${datarootdir}'
datarootdir='${prefix}/share'
docdir='${datarootdir}/doc/${PACKAGE}'
dvidir='${docdir}'
exec_prefix='${prefix}'
host='i686-apple-darwin17.5.0'
host_alias=''
host_cpu='i686'
host_os='darwin17.5.0'
host_vendor='apple'
htmldir='${docdir}'
includedir='${prefix}/include'
infodir='${datarootdir}/info'
install_sh='${SHELL} /Users/paullaguna/Documents/Protractor/MissionControl/pkg-config-0.25/glib-1.2.10/install-sh'
libdir='${exec_prefix}/lib'
libexecdir='${exec_prefix}/libexec'
localedir='${datarootdir}/locale'
localstatedir='${prefix}/var'
lt_ECHO='/bin/echo'
mandir='${datarootdir}/man'
mkdir_p='$(top_builddir)/./install-sh -c -d'
oldincludedir='/usr/include'
pdfdir='${docdir}'
prefix='/usr/local'
program_transform_name='s,x,x,'
psdir='${docdir}'
sbindir='${exec_prefix}/sbin'
sharedstatedir='${prefix}/com'
sysconfdir='${prefix}/etc'
target_alias=''

## ----------- ##
## confdefs.h. ##
## ----------- ##

/* confdefs.h */
#define PACKAGE_NAME ""
#define PACKAGE_TARNAME ""
#define PACKAGE_VERSION ""
#define PACKAGE_STRING ""
#define PACKAGE_BUGREPORT ""
#define PACKAGE_URL ""
#define GLIB_MAJOR_VERSION 1
#define GLIB_MINOR_VERSION 2
#define GLIB_MICRO_VERSION 10
#define GLIB_INTERFACE_AGE 10
#define GLIB_BINARY_AGE 10
#define STDC_HEADERS 1
#define HAVE_SYS_TYPES_H 1
#define HAVE_SYS_STAT_H 1
#define HAVE_STDLIB_H 1
#define HAVE_STRING_H 1
#define HAVE_MEMORY_H 1
#define HAVE_STRINGS_H 1
#define HAVE_INTTYPES_H 1
#define HAVE_STDINT_H 1
#define HAVE_UNISTD_H 1
#define HAVE_DLFCN_H 1
#define LT_OBJDIR ".libs/"
#define G_COMPILED_WITH_DEBUGGING "minimum"
#define STDC_HEADERS 1
#define HAVE_VPRINTF 1
#define HAVE_ATEXIT 1
#define SIZEOF_CHAR 1
#define SIZEOF_SHORT 2
#define SIZEOF_LONG 8
#define SIZEOF_INT 4
#define SIZEOF_VOID_P 8
#define SIZEOF_LONG_LONG 8
#define G_HAVE___INLINE 1
#define G_HAVE___INLINE__ 1
#define G_HAVE_INLINE 1
#define HAVE_FLOAT_H 1
#define HAVE_FLOAT_H 1
#define HAVE_LIMITS_H 1
#define HAVE_LIMITS_H 1
#define HAVE_PWD_H 1
#define HAVE_PWD_H 1
#define HAVE_SYS_PARAM_H 1
#define HAVE_SYS_PARAM_H 1
#define HAVE_SYS_POLL_H 1
#define HAVE_SYS_POLL_H 1
#define HAVE_SYS_SELECT_H 1
#define HAVE_SYS_SELECT_H 1
#define HAVE_SYS_TIME_H 1
#define HAVE_SYS_TIME_H 1
#define HAVE_SYS_TIMES_H 1
#define HAVE_SYS_TIMES_H 1
#define HAVE_UNISTD_H 1
#define HAVE_UNISTD_H 1
#define HAVE_LSTAT 1
#define HAVE_STRERROR 1
#define HAVE_STRSIGNAL 1
#define HAVE_MEMMOVE 1
#define HAVE_VSNPRINTF 1
#define HAVE_STRCASECMP 1
#define HAVE_STRNCASECMP 1
#define HAVE_POLL 1
#define HAVE_WCHAR_H 1
#define HAVE_WCTYPE_H 1
#define HAVE_BROKEN_WCTYPE 1
#define REALLOC_0_WORKS 1
#define G_VA_COPY va_copy
#define G_VA_COPY_AS_ARRAY 1
#define HAVE_LOCALTIME_R 1
#define HAVE_RAND_R 1
#define HAVE_GETPWUID_R 1
#define HAVE_GETPWUID_R_POSIX 1
#define HAVE_PTHREAD_GETSPECIFIC_POSIX 1
#define HAVE_PTHREAD_MUTEX_TRYLOCK_POSIX 1
#define HAVE_PTHREAD_COND_TIMEDWAIT_POSIX 1
#define G_THREAD_SOURCE "gthread-posix.c"
#define GLIB_SIZEOF_GMUTEX 64
#define GLIB_BYTE_CONTENTS_GMUTEX -89,-85,-86,50,0,0,0,0,0,0,0,0,0,0,0,0,0,0,0,0,0,0,0,0,0,0,0,0,0,0,0,0,0,0,0,0,0,0,0,0,0,0,0,0,0,0,0,0,0,0,0,0,0,0,0,0,0,0,0,0,0,0,0,0

configure: exit 0

## ---------------------- ##
## Running config.status. ##
## ---------------------- ##

This file was extended by config.status, which was
generated by GNU Autoconf 2.65.  Invocation command line was

  CONFIG_FILES    = 
  CONFIG_HEADERS  = 
  CONFIG_LINKS    = 
  CONFIG_COMMANDS = 
  $ ./config.status 

on Mac.local

config.status:1557: executing depfiles commands
config.status:1557: executing libtool commands
config.status:1557: executing default-1 commands
config.status:1557: executing default commands
